<?xml version="1.0" encoding="UTF-8"?>
<!-- Generated by org.testng.reporters.JUnitXMLReporter -->
<testsuite ignored="0" hostname="DESKTOP-O8MMCF7" failures="0" tests="5" name="Test" time="0.42" errors="0" timestamp="2020-05-06T17:34:25 IST">
  <testcase classname="rahulshettyacademy.Maven.AppTest" name="shouldAnswerWithTrue" time="0.025"/>
  <testcase classname="rahulshettyacademy.Maven.RestassuredTest" name="delettwitter" time="0.003"/>
  <testcase classname="rahulshettyacademy.Maven.RestassuredTest" name="postjira" time="0.001"/>
  <testcase classname="rahulshettyacademy.Maven.SeleniumTest" name="browserAutomation" time="0.001"/>
  <testcase classname="rahulshettyacademy.Maven.SeleniumTest" name="elemntui" time="0.001"/>
</testsuite> <!-- Test -->
