<?xml version="1.0" encoding="UTF-8"?>
<testng-results ignored="0" total="5" passed="5" failed="0" skipped="0">
  <reporter-output>
  </reporter-output>
  <suite started-at="2020-05-06T17:34:24 IST" name="Suite" finished-at="2020-05-06T17:34:25 IST" duration-ms="420">
    <groups>
    </groups>
    <test started-at="2020-05-06T17:34:24 IST" name="Test" finished-at="2020-05-06T17:34:25 IST" duration-ms="420">
      <class name="rahulshettyacademy.Maven.AppTest">
        <test-method signature="shouldAnswerWithTrue()[pri:0, instance:rahulshettyacademy.Maven.AppTest@5c1a8622]" started-at="2020-05-06T17:34:25 IST" name="shouldAnswerWithTrue" finished-at="2020-05-06T17:34:25 IST" duration-ms="25" status="PASS">
          <reporter-output>
          </reporter-output>
        </test-method> <!-- shouldAnswerWithTrue -->
      </class> <!-- rahulshettyacademy.Maven.AppTest -->
      <class name="rahulshettyacademy.Maven.SeleniumTest">
        <test-method signature="browserAutomation()[pri:0, instance:rahulshettyacademy.Maven.SeleniumTest@6156496]" started-at="2020-05-06T17:34:25 IST" name="browserAutomation" finished-at="2020-05-06T17:34:25 IST" duration-ms="1" status="PASS">
          <reporter-output>
          </reporter-output>
        </test-method> <!-- browserAutomation -->
        <test-method signature="elemntui()[pri:0, instance:rahulshettyacademy.Maven.SeleniumTest@6156496]" started-at="2020-05-06T17:34:25 IST" name="elemntui" finished-at="2020-05-06T17:34:25 IST" duration-ms="1" status="PASS">
          <reporter-output>
          </reporter-output>
        </test-method> <!-- elemntui -->
      </class> <!-- rahulshettyacademy.Maven.SeleniumTest -->
      <class name="rahulshettyacademy.Maven.RestassuredTest">
        <test-method signature="delettwitter()[pri:0, instance:rahulshettyacademy.Maven.RestassuredTest@5ad851c9]" started-at="2020-05-06T17:34:25 IST" name="delettwitter" finished-at="2020-05-06T17:34:25 IST" duration-ms="3" status="PASS">
          <reporter-output>
          </reporter-output>
        </test-method> <!-- delettwitter -->
        <test-method signature="postjira()[pri:0, instance:rahulshettyacademy.Maven.RestassuredTest@5ad851c9]" started-at="2020-05-06T17:34:25 IST" name="postjira" finished-at="2020-05-06T17:34:25 IST" duration-ms="1" status="PASS">
          <reporter-output>
          </reporter-output>
        </test-method> <!-- postjira -->
      </class> <!-- rahulshettyacademy.Maven.RestassuredTest -->
    </test> <!-- Test -->
  </suite> <!-- Suite -->
</testng-results>
